2024-01-18 22:39:46:3946 - [32minfo[39m : [32mAplicação rodando na porta 3000[39m
2024-01-18 22:42:32:4232 - [32minfo[39m : [32mAplicação rodando na porta 3000[39m
2024-01-18 22:42:35:4235 - [32minfo[39m : [32mAplicação rodando na porta 3000[39m
2024-01-18 22:42:39:4239 - [32minfo[39m : [32mAplicação rodando na porta 3000[39m
2024-01-18 22:44:21:4421 - [32minfo[39m : [32mAplicação rodando na porta 3000[39m
2024-01-18 22:46:51:4651 - [32minfo[39m : [32mAplicação rodando na porta 3000[39m
2024-01-18 22:47:32:4732 - [32minfo[39m : [32mAplicação rodando na porta 3000[39m
2024-01-18 22:48:35:4835 - [32minfo[39m : [32mConectou ao banco de dados[39m
2024-01-18 22:48:35:4835 - [32minfo[39m : [32mAplicação rodando na porta 3000[39m
2024-01-18 22:48:43:4843 - [32minfo[39m : [32mConectou ao banco de dados[39m
2024-01-18 22:48:43:4843 - [32minfo[39m : [32mAplicação rodando na porta 3000[39m
2024-01-18 22:48:54:4854 - [32minfo[39m : [32mConectou ao banco de dados[39m
2024-01-18 22:48:54:4854 - [32minfo[39m : [32mAplicação rodando na porta 3000[39m
2024-01-18 22:49:37:4937 - [31merror[39m : [31mNão foi possível conectar![39m
2024-01-18 22:49:37:4937 - [31merror[39m : [31mErro Error: querySrv ENOTFOUND _mongodb._tcp.cluster0.ukfexeh.gongodb.net[39m
2024-01-18 22:49:37:4937 - [32minfo[39m : [32mAplicação rodando na porta 3000[39m
2024-01-18 22:49:53:4953 - [32minfo[39m : [32mConectou ao banco de dados[39m
2024-01-18 22:49:53:4953 - [32minfo[39m : [32mAplicação rodando na porta 3000[39m
2024-01-18 22:51:27:5127 - [32minfo[39m : [32mConectou ao banco de dados[39m
2024-01-18 22:51:27:5127 - [32minfo[39m : [32mAplicação rodando na porta 3000[39m
2024-01-18 22:51:31:5131 - [32minfo[39m : [32mConectou ao banco de dados[39m
2024-01-18 22:51:31:5131 - [32minfo[39m : [32mAplicação rodando na porta 3000[39m
2024-01-18 22:51:33:5133 - [32minfo[39m : [32mConectou ao banco de dados[39m
2024-01-18 22:51:33:5133 - [32minfo[39m : [32mAplicação rodando na porta 3000[39m
2024-01-18 22:51:36:5136 - [32minfo[39m : [32mConectou ao banco de dados[39m
2024-01-18 22:51:36:5136 - [32minfo[39m : [32mAplicação rodando na porta 3000[39m
2024-01-18 22:51:42:5142 - [31merror[39m : [31mNão foi possível conectar![39m
2024-01-18 22:51:46:5146 - [31merror[39m : [31mNão foi possível conectar![39m
2024-01-18 22:51:49:5149 - [32minfo[39m : [32mConectou ao banco de dados[39m
2024-01-18 22:51:49:5149 - [32minfo[39m : [32mAplicação rodando na porta 3000[39m
2024-01-18 22:51:57:5157 - [32minfo[39m : [32mConectou ao banco de dados[39m
2024-01-18 22:51:57:5157 - [32minfo[39m : [32mAplicação rodando na porta 3000[39m
2024-01-19 22:58:26:5826 - [31merror[39m : [31mNão foi possível conectar![39m
2024-01-19 23:00:59:059 - [32minfo[39m : [32mConectou ao banco de dados[39m
2024-01-19 23:00:59:059 - [32minfo[39m : [32mAplicação rodando na porta 3000[39m
2024-01-19 23:14:54:1454 - [32minfo[39m : [32mConectou ao banco de dados[39m
2024-01-19 23:14:54:1454 - [32minfo[39m : [32mAplicação rodando na porta 3000[39m
2024-01-19 23:15:12:1512 - [32minfo[39m : [32mConectou ao banco de dados[39m
2024-01-19 23:15:12:1512 - [32minfo[39m : [32mAplicação rodando na porta 3000[39m
2024-01-19 23:15:28:1528 - [32minfo[39m : [32mConectou ao banco de dados[39m
2024-01-19 23:15:28:1528 - [32minfo[39m : [32mAplicação rodando na porta 3000[39m
2024-01-19 23:15:31:1531 - [32minfo[39m : [32mConectou ao banco de dados[39m
2024-01-19 23:15:31:1531 - [32minfo[39m : [32mAplicação rodando na porta 3000[39m
2024-01-19 23:15:35:1535 - [32minfo[39m : [32mConectou ao banco de dados[39m
2024-01-19 23:15:35:1535 - [32minfo[39m : [32mAplicação rodando na porta 3000[39m
2024-01-19 23:15:44:1544 - [32minfo[39m : [32mConectou ao banco de dados[39m
2024-01-19 23:15:44:1544 - [32minfo[39m : [32mAplicação rodando na porta 3000[39m
2024-01-19 23:24:24:2424 - [32minfo[39m : [32mConectou ao banco de dados[39m
2024-01-19 23:24:24:2424 - [32minfo[39m : [32mAplicação rodando na porta 3000[39m
2024-01-19 23:24:31:2431 - [32minfo[39m : [32mConectou ao banco de dados[39m
2024-01-19 23:24:31:2431 - [32minfo[39m : [32mAplicação rodando na porta 3000[39m
2024-01-19 23:24:45:2445 - [32minfo[39m : [32mConectou ao banco de dados[39m
2024-01-19 23:24:45:2445 - [32minfo[39m : [32mAplicação rodando na porta 3000[39m
2024-01-19 23:25:37:2537 - [32minfo[39m : [32mConectou ao banco de dados[39m
2024-01-19 23:25:37:2537 - [32minfo[39m : [32mAplicação rodando na porta 3000[39m
2024-01-19 23:27:08:278 - [32minfo[39m : [32mConectou ao banco de dados[39m
2024-01-19 23:27:08:278 - [32minfo[39m : [32mAplicação rodando na porta 3000[39m
2024-01-19 23:27:43:2743 - [32minfo[39m : [32mConectou ao banco de dados[39m
2024-01-19 23:27:43:2743 - [32minfo[39m : [32mAplicação rodando na porta 3000[39m
2024-01-19 23:27:44:2744 - [32minfo[39m : [32mConectou ao banco de dados[39m
2024-01-19 23:27:44:2744 - [32minfo[39m : [32mAplicação rodando na porta 3000[39m
2024-01-19 23:27:50:2750 - [35mhttp[39m : [35mmethod /api/test 200 12 - 2.240 ms[39m
[35m[39m
2024-01-19 23:28:22:2822 - [32minfo[39m : [32mConectou ao banco de dados[39m
2024-01-19 23:28:22:2822 - [32minfo[39m : [32mAplicação rodando na porta 3000[39m
2024-01-19 23:28:29:2829 - [35mhttp[39m : [35mGET /api/test 200 12 - 5.257 ms[39m
[35m[39m
2024-01-20 13:38:09:389 - [32minfo[39m : [32mConectou ao banco de dados[39m
2024-01-20 13:38:09:389 - [32minfo[39m : [32mAplicação rodando na porta 3000[39m
2024-01-20 13:58:13:5813 - [32minfo[39m : [32mConectou ao banco de dados[39m
2024-01-20 13:58:13:5813 - [32minfo[39m : [32mAplicação rodando na porta 3000[39m
2024-01-20 13:58:17:5817 - [32minfo[39m : [32mConectou ao banco de dados[39m
2024-01-20 13:58:17:5817 - [32minfo[39m : [32mAplicação rodando na porta 3000[39m
2024-01-20 13:58:27:5827 - [32minfo[39m : [32mConectou ao banco de dados[39m
2024-01-20 13:58:27:5827 - [32minfo[39m : [32mAplicação rodando na porta 3000[39m
2024-01-20 13:59:10:5910 - [32minfo[39m : [32mConectou ao banco de dados[39m
2024-01-20 13:59:10:5910 - [32minfo[39m : [32mAplicação rodando na porta 3000[39m
2024-01-20 14:01:54:154 - [32minfo[39m : [32mConectou ao banco de dados[39m
2024-01-20 14:01:54:154 - [32minfo[39m : [32mAplicação rodando na porta 3000[39m
2024-01-20 14:05:33:533 - [32minfo[39m : [32mConectou ao banco de dados[39m
2024-01-20 14:05:33:533 - [32minfo[39m : [32mAplicação rodando na porta 3000[39m
2024-01-20 14:05:45:545 - [32minfo[39m : [32mConectou ao banco de dados[39m
2024-01-20 14:05:45:545 - [32minfo[39m : [32mAplicação rodando na porta 3000[39m
2024-01-20 14:05:52:552 - [35mhttp[39m : [35mGET /api//movies 404 150 - 4.532 ms[39m
[35m[39m
2024-01-20 14:06:04:64 - [35mhttp[39m : [35mGET /api/movies 404 149 - 2.020 ms[39m
[35m[39m
2024-01-20 14:06:10:610 - [35mhttp[39m : [35mPOST /api/movies 200 25 - 2.571 ms[39m
[35m[39m
2024-01-20 14:07:33:733 - [35mhttp[39m : [35mPOST /api/movies 200 25 - 0.722 ms[39m
[35m[39m
2024-01-20 14:09:43:943 - [32minfo[39m : [32mConectou ao banco de dados[39m
2024-01-20 14:09:43:943 - [32minfo[39m : [32mAplicação rodando na porta 3000[39m
2024-01-20 14:09:47:947 - [32minfo[39m : [32mConectou ao banco de dados[39m
2024-01-20 14:09:47:947 - [32minfo[39m : [32mAplicação rodando na porta 3000[39m
2024-01-20 14:09:53:953 - [32minfo[39m : [32mConectou ao banco de dados[39m
2024-01-20 14:09:53:953 - [32minfo[39m : [32mAplicação rodando na porta 3000[39m
2024-01-20 14:10:02:102 - [32minfo[39m : [32mConectou ao banco de dados[39m
2024-01-20 14:10:02:102 - [32minfo[39m : [32mAplicação rodando na porta 3000[39m
2024-01-20 14:10:08:108 - [32minfo[39m : [32mConectou ao banco de dados[39m
2024-01-20 14:10:08:108 - [32minfo[39m : [32mAplicação rodando na porta 3000[39m
2024-01-20 14:10:19:1019 - [32minfo[39m : [32mConectou ao banco de dados[39m
2024-01-20 14:10:19:1019 - [32minfo[39m : [32mAplicação rodando na porta 3000[39m
2024-01-20 14:10:22:1022 - [32minfo[39m : [32mConectou ao banco de dados[39m
2024-01-20 14:10:22:1022 - [32minfo[39m : [32mAplicação rodando na porta 3000[39m
2024-01-20 14:11:24:1124 - [32minfo[39m : [32mConectou ao banco de dados[39m
2024-01-20 14:11:24:1124 - [32minfo[39m : [32mAplicação rodando na porta 3000[39m
2024-01-20 14:12:24:1224 - [32minfo[39m : [32mConectou ao banco de dados[39m
2024-01-20 14:12:24:1224 - [32minfo[39m : [32mAplicação rodando na porta 3000[39m
2024-01-20 14:13:40:1340 - [35mhttp[39m : [35mPOST /api/movies 404 150 - 4.859 ms[39m
[35m[39m
2024-01-20 14:15:55:1555 - [32minfo[39m : [32mConectou ao banco de dados[39m
2024-01-20 14:15:55:1555 - [32minfo[39m : [32mAplicação rodando na porta 3000[39m
2024-01-20 14:16:08:168 - [32minfo[39m : [32mConectou ao banco de dados[39m
2024-01-20 14:16:08:168 - [32minfo[39m : [32mAplicação rodando na porta 3000[39m
2024-01-20 14:16:19:1619 - [32minfo[39m : [32mConectou ao banco de dados[39m
2024-01-20 14:16:19:1619 - [32minfo[39m : [32mAplicação rodando na porta 3000[39m
2024-01-20 14:16:20:1620 - [32minfo[39m : [32mConectou ao banco de dados[39m
2024-01-20 14:16:20:1620 - [32minfo[39m : [32mAplicação rodando na porta 3000[39m
2024-01-20 14:16:25:1625 - [32minfo[39m : [32mConectou ao banco de dados[39m
2024-01-20 14:16:25:1625 - [32minfo[39m : [32mAplicação rodando na porta 3000[39m
2024-01-20 14:16:27:1627 - [32minfo[39m : [32mConectou ao banco de dados[39m
2024-01-20 14:16:27:1627 - [32minfo[39m : [32mAplicação rodando na porta 3000[39m
2024-01-20 14:16:34:1634 - [32minfo[39m : [32mConectou ao banco de dados[39m
2024-01-20 14:16:34:1634 - [32minfo[39m : [32mAplicação rodando na porta 3000[39m
2024-01-20 14:17:06:176 - [35mhttp[39m : [35mPOST /api/movie 201 148 - 68.793 ms[39m
[35m[39m
2024-01-20 22:32:31:3231 - [32minfo[39m : [32mConectou ao banco de dados[39m
2024-01-20 22:32:31:3231 - [32minfo[39m : [32mAplicação rodando na porta 3000[39m
2024-01-20 22:38:58:3858 - [32minfo[39m : [32mConectou ao banco de dados[39m
2024-01-20 22:38:58:3858 - [32minfo[39m : [32mAplicação rodando na porta 3000[39m
2024-01-20 22:39:19:3919 - [32minfo[39m : [32mConectou ao banco de dados[39m
2024-01-20 22:39:19:3919 - [32minfo[39m : [32mAplicação rodando na porta 3000[39m
2024-01-20 22:39:40:3940 - [32minfo[39m : [32mConectou ao banco de dados[39m
2024-01-20 22:39:40:3940 - [32minfo[39m : [32mAplicação rodando na porta 3000[39m
2024-01-20 22:40:06:406 - [32minfo[39m : [32mConectou ao banco de dados[39m
2024-01-20 22:40:06:406 - [32minfo[39m : [32mAplicação rodando na porta 3000[39m
2024-01-20 22:40:16:4016 - [35mhttp[39m : [35mPOST /api/movie 201 148 - 98.928 ms[39m
[35m[39m
2024-01-20 22:41:24:4124 - [32minfo[39m : [32mConectou ao banco de dados[39m
2024-01-20 22:41:24:4124 - [32minfo[39m : [32mAplicação rodando na porta 3000[39m
2024-01-20 22:41:29:4129 - [32minfo[39m : [32mConectou ao banco de dados[39m
2024-01-20 22:41:29:4129 - [32minfo[39m : [32mAplicação rodando na porta 3000[39m
2024-01-20 22:41:33:4133 - [32minfo[39m : [32mConectou ao banco de dados[39m
2024-01-20 22:41:33:4133 - [32minfo[39m : [32mAplicação rodando na porta 3000[39m
2024-01-20 22:41:35:4135 - [32minfo[39m : [32mConectou ao banco de dados[39m
2024-01-20 22:41:35:4135 - [32minfo[39m : [32mAplicação rodando na porta 3000[39m
2024-01-20 22:41:39:4139 - [32minfo[39m : [32mConectou ao banco de dados[39m
2024-01-20 22:41:39:4139 - [32minfo[39m : [32mAplicação rodando na porta 3000[39m
2024-01-20 22:42:38:4238 - [32minfo[39m : [32mConectou ao banco de dados[39m
2024-01-20 22:42:38:4238 - [32minfo[39m : [32mAplicação rodando na porta 3000[39m
2024-01-20 22:42:45:4245 - [32minfo[39m : [32mConectou ao banco de dados[39m
2024-01-20 22:42:45:4245 - [32minfo[39m : [32mAplicação rodando na porta 3000[39m
2024-01-20 22:42:58:4258 - [32minfo[39m : [32mConectou ao banco de dados[39m
2024-01-20 22:42:58:4258 - [32minfo[39m : [32mAplicação rodando na porta 3000[39m
2024-01-20 22:43:09:439 - [32minfo[39m : [32mConectou ao banco de dados[39m
2024-01-20 22:43:09:439 - [32minfo[39m : [32mAplicação rodando na porta 3000[39m
2024-01-20 22:43:12:4312 - [32minfo[39m : [32mConectou ao banco de dados[39m
2024-01-20 22:43:12:4312 - [32minfo[39m : [32mAplicação rodando na porta 3000[39m
2024-01-20 22:43:21:4321 - [32minfo[39m : [32mConectou ao banco de dados[39m
2024-01-20 22:43:21:4321 - [32minfo[39m : [32mAplicação rodando na porta 3000[39m
2024-01-20 22:43:24:4324 - [32minfo[39m : [32mConectou ao banco de dados[39m
2024-01-20 22:43:24:4324 - [32minfo[39m : [32mAplicação rodando na porta 3000[39m
2024-01-20 22:45:39:4539 - [32minfo[39m : [32mConectou ao banco de dados[39m
2024-01-20 22:45:39:4539 - [32minfo[39m : [32mAplicação rodando na porta 3000[39m
2024-01-20 22:45:47:4547 - [32minfo[39m : [32mConectou ao banco de dados[39m
2024-01-20 22:45:47:4547 - [32minfo[39m : [32mAplicação rodando na porta 3000[39m
2024-01-20 22:45:50:4550 - [32minfo[39m : [32mConectou ao banco de dados[39m
2024-01-20 22:45:50:4550 - [32minfo[39m : [32mAplicação rodando na porta 3000[39m
2024-01-20 22:48:06:486 - [32minfo[39m : [32mConectou ao banco de dados[39m
2024-01-20 22:48:06:486 - [32minfo[39m : [32mAplicação rodando na porta 3000[39m
2024-01-20 22:48:19:4819 - [32minfo[39m : [32mConectou ao banco de dados[39m
2024-01-20 22:48:19:4819 - [32minfo[39m : [32mAplicação rodando na porta 3000[39m
2024-01-20 22:48:28:4828 - [32minfo[39m : [32mConectou ao banco de dados[39m
2024-01-20 22:48:28:4828 - [32minfo[39m : [32mAplicação rodando na porta 3000[39m
2024-01-20 22:49:37:4937 - [32minfo[39m : [32mConectou ao banco de dados[39m
2024-01-20 22:49:37:4937 - [32minfo[39m : [32mAplicação rodando na porta 3000[39m
2024-01-20 22:49:55:4955 - [32minfo[39m : [32mConectou ao banco de dados[39m
2024-01-20 22:49:55:4955 - [32minfo[39m : [32mAplicação rodando na porta 3000[39m
2024-01-20 22:50:22:5022 - [32minfo[39m : [32mConectou ao banco de dados[39m
2024-01-20 22:50:22:5022 - [32minfo[39m : [32mAplicação rodando na porta 3000[39m
2024-01-20 22:51:01:511 - [32minfo[39m : [32mConectou ao banco de dados[39m
2024-01-20 22:51:01:511 - [32minfo[39m : [32mAplicação rodando na porta 3000[39m
2024-01-20 22:51:49:5149 - [32minfo[39m : [32mConectou ao banco de dados[39m
2024-01-20 22:51:49:5149 - [32minfo[39m : [32mAplicação rodando na porta 3000[39m
2024-01-20 22:52:03:523 - [32minfo[39m : [32mConectou ao banco de dados[39m
2024-01-20 22:52:03:523 - [32minfo[39m : [32mAplicação rodando na porta 3000[39m
2024-01-20 22:52:08:528 - [32minfo[39m : [32mConectou ao banco de dados[39m
2024-01-20 22:52:08:528 - [32minfo[39m : [32mAplicação rodando na porta 3000[39m
2024-01-20 22:52:20:5220 - [32minfo[39m : [32mConectou ao banco de dados[39m
2024-01-20 22:52:20:5220 - [32minfo[39m : [32mAplicação rodando na porta 3000[39m
2024-01-20 22:52:23:5223 - [32minfo[39m : [32mConectou ao banco de dados[39m
2024-01-20 22:52:23:5223 - [32minfo[39m : [32mAplicação rodando na porta 3000[39m
2024-01-20 23:06:29:629 - [32minfo[39m : [32mConectou ao banco de dados[39m
2024-01-20 23:06:29:629 - [32minfo[39m : [32mAplicação rodando na porta 3000[39m
2024-01-20 23:06:37:637 - [32minfo[39m : [32mConectou ao banco de dados[39m
2024-01-20 23:06:37:637 - [32minfo[39m : [32mAplicação rodando na porta 3000[39m
2024-01-20 23:06:52:652 - [35mhttp[39m : [35mPOST /api/movie 422 114 - 9.244 ms[39m
[35m[39m
2024-01-20 23:08:06:86 - [32minfo[39m : [32mConectou ao banco de dados[39m
2024-01-20 23:08:06:86 - [32minfo[39m : [32mAplicação rodando na porta 3000[39m
2024-01-20 23:08:11:811 - [32minfo[39m : [32mConectou ao banco de dados[39m
2024-01-20 23:08:11:811 - [32minfo[39m : [32mAplicação rodando na porta 3000[39m
2024-01-20 23:08:18:818 - [32minfo[39m : [32mConectou ao banco de dados[39m
2024-01-20 23:08:18:818 - [32minfo[39m : [32mAplicação rodando na porta 3000[39m
2024-01-20 23:08:28:828 - [35mhttp[39m : [35mPOST /api/movie 422 112 - 7.048 ms[39m
[35m[39m
2024-01-20 23:08:49:849 - [32minfo[39m : [32mConectou ao banco de dados[39m
2024-01-20 23:08:49:849 - [32minfo[39m : [32mAplicação rodando na porta 3000[39m
2024-01-20 23:08:49:849 - [35mhttp[39m : [35mPOST /api/movie 422 114 - 22.946 ms[39m
[35m[39m
2024-01-20 23:09:00:90 - [35mhttp[39m : [35mPOST /api/movie 422 112 - 25.755 ms[39m
[35m[39m
2024-01-20 23:09:02:92 - [32minfo[39m : [32mConectou ao banco de dados[39m
2024-01-20 23:09:02:92 - [32minfo[39m : [32mAplicação rodando na porta 3000[39m
2024-01-20 23:09:29:929 - [32minfo[39m : [32mConectou ao banco de dados[39m
2024-01-20 23:09:29:929 - [32minfo[39m : [32mAplicação rodando na porta 3000[39m
2024-01-20 23:09:32:932 - [32minfo[39m : [32mConectou ao banco de dados[39m
2024-01-20 23:09:32:932 - [32minfo[39m : [32mAplicação rodando na porta 3000[39m
2024-01-20 23:09:38:938 - [32minfo[39m : [32mConectou ao banco de dados[39m
2024-01-20 23:09:38:938 - [32minfo[39m : [32mAplicação rodando na porta 3000[39m
2024-01-20 23:10:30:1030 - [32minfo[39m : [32mConectou ao banco de dados[39m
2024-01-20 23:10:30:1030 - [32minfo[39m : [32mAplicação rodando na porta 3000[39m
2024-01-20 23:10:40:1040 - [32minfo[39m : [32mConectou ao banco de dados[39m
2024-01-20 23:10:40:1040 - [32minfo[39m : [32mAplicação rodando na porta 3000[39m
2024-01-20 23:11:14:1114 - [32minfo[39m : [32mConectou ao banco de dados[39m
2024-01-20 23:11:14:1114 - [32minfo[39m : [32mAplicação rodando na porta 3000[39m
2024-01-20 23:11:43:1143 - [32minfo[39m : [32mConectou ao banco de dados[39m
2024-01-20 23:11:43:1143 - [32minfo[39m : [32mAplicação rodando na porta 3000[39m
2024-01-20 23:12:08:128 - [32minfo[39m : [32mConectou ao banco de dados[39m
2024-01-20 23:12:08:128 - [32minfo[39m : [32mAplicação rodando na porta 3000[39m
2024-01-20 23:12:12:1212 - [32minfo[39m : [32mConectou ao banco de dados[39m
2024-01-20 23:12:12:1212 - [32minfo[39m : [32mAplicação rodando na porta 3000[39m
2024-01-20 23:13:00:130 - [32minfo[39m : [32mConectou ao banco de dados[39m
2024-01-20 23:13:00:130 - [32minfo[39m : [32mAplicação rodando na porta 3000[39m
2024-01-20 23:13:01:131 - [32minfo[39m : [32mConectou ao banco de dados[39m
2024-01-20 23:13:01:131 - [32minfo[39m : [32mAplicação rodando na porta 3000[39m
2024-01-20 23:13:18:1318 - [32minfo[39m : [32mConectou ao banco de dados[39m
2024-01-20 23:13:18:1318 - [32minfo[39m : [32mAplicação rodando na porta 3000[39m
2024-01-20 23:13:49:1349 - [32minfo[39m : [32mConectou ao banco de dados[39m
2024-01-20 23:13:49:1349 - [32minfo[39m : [32mAplicação rodando na porta 3000[39m
2024-01-20 23:14:23:1423 - [32minfo[39m : [32mConectou ao banco de dados[39m
2024-01-20 23:14:23:1423 - [32minfo[39m : [32mAplicação rodando na porta 3000[39m
2024-01-20 23:14:48:1448 - [32minfo[39m : [32mConectou ao banco de dados[39m
2024-01-20 23:14:48:1448 - [32minfo[39m : [32mAplicação rodando na porta 3000[39m
2024-01-20 23:14:52:1452 - [35mhttp[39m : [35mPOST /api/movie 422 50 - 16.742 ms[39m
[35m[39m
2024-01-20 23:15:02:152 - [32minfo[39m : [32mConectou ao banco de dados[39m
2024-01-20 23:15:02:152 - [32minfo[39m : [32mAplicação rodando na porta 3000[39m
2024-01-20 23:15:11:1511 - [32minfo[39m : [32mConectou ao banco de dados[39m
2024-01-20 23:15:11:1511 - [32minfo[39m : [32mAplicação rodando na porta 3000[39m
2024-01-20 23:15:53:1553 - [32minfo[39m : [32mConectou ao banco de dados[39m
2024-01-20 23:15:53:1553 - [32minfo[39m : [32mAplicação rodando na porta 3000[39m
2024-01-20 23:16:19:1619 - [35mhttp[39m : [35mPOST /api/movie 422 50 - 10.437 ms[39m
[35m[39m
2024-01-20 23:16:36:1636 - [32minfo[39m : [32mConectou ao banco de dados[39m
2024-01-20 23:16:36:1636 - [32minfo[39m : [32mAplicação rodando na porta 3000[39m
2024-01-20 23:16:43:1643 - [32minfo[39m : [32mConectou ao banco de dados[39m
2024-01-20 23:16:43:1643 - [32minfo[39m : [32mAplicação rodando na porta 3000[39m
2024-01-20 23:17:10:1710 - [32minfo[39m : [32mConectou ao banco de dados[39m
2024-01-20 23:17:10:1710 - [32minfo[39m : [32mAplicação rodando na porta 3000[39m
2024-01-20 23:17:23:1723 - [32minfo[39m : [32mConectou ao banco de dados[39m
2024-01-20 23:17:23:1723 - [32minfo[39m : [32mAplicação rodando na porta 3000[39m
2024-01-20 23:17:38:1738 - [32minfo[39m : [32mConectou ao banco de dados[39m
2024-01-20 23:17:38:1738 - [32minfo[39m : [32mAplicação rodando na porta 3000[39m
2024-01-20 23:17:46:1746 - [32minfo[39m : [32mConectou ao banco de dados[39m
2024-01-20 23:17:46:1746 - [32minfo[39m : [32mAplicação rodando na porta 3000[39m
2024-01-20 23:17:50:1750 - [32minfo[39m : [32mConectou ao banco de dados[39m
2024-01-20 23:17:50:1750 - [32minfo[39m : [32mAplicação rodando na porta 3000[39m
2024-01-20 23:17:53:1753 - [32minfo[39m : [32mConectou ao banco de dados[39m
2024-01-20 23:17:53:1753 - [32minfo[39m : [32mAplicação rodando na porta 3000[39m
2024-01-20 23:18:26:1826 - [35mhttp[39m : [35mPOST /api/movie 422 70 - 18.217 ms[39m
[35m[39m
2024-01-20 23:19:08:198 - [32minfo[39m : [32mConectou ao banco de dados[39m
2024-01-20 23:19:08:198 - [32minfo[39m : [32mAplicação rodando na porta 3000[39m
2024-01-20 23:19:12:1912 - [32minfo[39m : [32mConectou ao banco de dados[39m
2024-01-20 23:19:12:1912 - [32minfo[39m : [32mAplicação rodando na porta 3000[39m
2024-01-20 23:19:25:1925 - [32minfo[39m : [32mConectou ao banco de dados[39m
2024-01-20 23:19:25:1925 - [32minfo[39m : [32mAplicação rodando na porta 3000[39m
2024-01-20 23:19:27:1927 - [32minfo[39m : [32mConectou ao banco de dados[39m
2024-01-20 23:19:27:1927 - [32minfo[39m : [32mAplicação rodando na porta 3000[39m
2024-01-20 23:19:32:1932 - [32minfo[39m : [32mConectou ao banco de dados[39m
2024-01-20 23:19:32:1932 - [32minfo[39m : [32mAplicação rodando na porta 3000[39m
2024-01-20 23:19:47:1947 - [32minfo[39m : [32mConectou ao banco de dados[39m
2024-01-20 23:19:47:1947 - [32minfo[39m : [32mAplicação rodando na porta 3000[39m
2024-01-20 23:19:50:1950 - [32minfo[39m : [32mConectou ao banco de dados[39m
2024-01-20 23:19:50:1950 - [32minfo[39m : [32mAplicação rodando na porta 3000[39m
2024-01-20 23:20:50:2050 - [35mhttp[39m : [35mPOST /api/movie 422 62 - 8.411 ms[39m
[35m[39m
2024-01-20 23:21:06:216 - [35mhttp[39m : [35mPOST /api/movie 422 62 - 2.754 ms[39m
[35m[39m
2024-01-20 23:21:12:2112 - [35mhttp[39m : [35mPOST /api/movie 201 172 - 71.826 ms[39m
[35m[39m
2024-01-20 23:23:00:230 - [32minfo[39m : [32mConectou ao banco de dados[39m
2024-01-20 23:23:00:230 - [32minfo[39m : [32mAplicação rodando na porta 3000[39m
2024-01-20 23:23:07:237 - [32minfo[39m : [32mConectou ao banco de dados[39m
2024-01-20 23:23:07:237 - [32minfo[39m : [32mAplicação rodando na porta 3000[39m
2024-01-20 23:23:24:2324 - [32minfo[39m : [32mConectou ao banco de dados[39m
2024-01-20 23:23:24:2324 - [32minfo[39m : [32mAplicação rodando na porta 3000[39m
2024-01-20 23:23:48:2348 - [32minfo[39m : [32mConectou ao banco de dados[39m
2024-01-20 23:23:48:2348 - [32minfo[39m : [32mAplicação rodando na porta 3000[39m
2024-01-20 23:24:09:249 - [32minfo[39m : [32mConectou ao banco de dados[39m
2024-01-20 23:24:09:249 - [32minfo[39m : [32mAplicação rodando na porta 3000[39m
2024-01-20 23:24:15:2415 - [32minfo[39m : [32mConectou ao banco de dados[39m
2024-01-20 23:24:15:2415 - [32minfo[39m : [32mAplicação rodando na porta 3000[39m
2024-01-20 23:24:22:2422 - [35mhttp[39m : [35mPOST /api/movie 422 70 - 21.926 ms[39m
[35m[39m
2024-01-20 23:24:29:2429 - [35mhttp[39m : [35mPOST /api/movie 201 172 - 66.407 ms[39m
[35m[39m
2024-01-20 23:25:25:2525 - [32minfo[39m : [32mConectou ao banco de dados[39m
2024-01-20 23:25:25:2525 - [32minfo[39m : [32mAplicação rodando na porta 3000[39m
2024-01-20 23:25:27:2527 - [32minfo[39m : [32mConectou ao banco de dados[39m
2024-01-20 23:25:27:2527 - [32minfo[39m : [32mAplicação rodando na porta 3000[39m
2024-01-20 23:25:33:2533 - [32minfo[39m : [32mConectou ao banco de dados[39m
2024-01-20 23:25:33:2533 - [32minfo[39m : [32mAplicação rodando na porta 3000[39m
2024-01-20 23:25:51:2551 - [32minfo[39m : [32mConectou ao banco de dados[39m
2024-01-20 23:25:51:2551 - [32minfo[39m : [32mAplicação rodando na porta 3000[39m
2024-01-20 23:25:54:2554 - [32minfo[39m : [32mConectou ao banco de dados[39m
2024-01-20 23:25:54:2554 - [32minfo[39m : [32mAplicação rodando na porta 3000[39m
2024-01-20 23:27:01:271 - [35mhttp[39m : [35mPOST /api/movie 422 63 - 16.140 ms[39m
[35m[39m
2024-01-20 23:29:45:2945 - [35mhttp[39m : [35mPOST /api/movie 201 189 - 58.175 ms[39m
[35m[39m
2024-01-20 23:30:14:3014 - [35mhttp[39m : [35mPOST /api/movie 422 63 - 59.323 ms[39m
[35m[39m
2024-01-20 23:30:14:3014 - [32minfo[39m : [32mConectou ao banco de dados[39m
2024-01-20 23:30:14:3014 - [32minfo[39m : [32mAplicação rodando na porta 3000[39m
2024-01-20 23:30:33:3033 - [32minfo[39m : [32mConectou ao banco de dados[39m
2024-01-20 23:30:33:3033 - [32minfo[39m : [32mAplicação rodando na porta 3000[39m
2024-01-20 23:30:36:3036 - [32minfo[39m : [32mConectou ao banco de dados[39m
2024-01-20 23:30:36:3036 - [32minfo[39m : [32mAplicação rodando na porta 3000[39m
2024-01-20 23:30:42:3042 - [32minfo[39m : [32mConectou ao banco de dados[39m
2024-01-20 23:30:42:3042 - [32minfo[39m : [32mAplicação rodando na porta 3000[39m
2024-01-20 23:30:49:3049 - [32minfo[39m : [32mConectou ao banco de dados[39m
2024-01-20 23:30:49:3049 - [32minfo[39m : [32mAplicação rodando na porta 3000[39m
2024-01-20 23:31:00:310 - [32minfo[39m : [32mConectou ao banco de dados[39m
2024-01-20 23:31:00:310 - [32minfo[39m : [32mAplicação rodando na porta 3000[39m
2024-01-20 23:31:06:316 - [32minfo[39m : [32mConectou ao banco de dados[39m
2024-01-20 23:31:06:316 - [32minfo[39m : [32mAplicação rodando na porta 3000[39m
2024-01-20 23:31:16:3116 - [32minfo[39m : [32mConectou ao banco de dados[39m
2024-01-20 23:31:16:3116 - [32minfo[39m : [32mAplicação rodando na porta 3000[39m
2024-01-20 23:31:22:3122 - [32minfo[39m : [32mConectou ao banco de dados[39m
2024-01-20 23:31:22:3122 - [32minfo[39m : [32mAplicação rodando na porta 3000[39m
2024-01-20 23:31:29:3129 - [32minfo[39m : [32mConectou ao banco de dados[39m
2024-01-20 23:31:29:3129 - [32minfo[39m : [32mAplicação rodando na porta 3000[39m
2024-01-20 23:31:32:3132 - [32minfo[39m : [32mConectou ao banco de dados[39m
2024-01-20 23:31:33:3133 - [32minfo[39m : [32mAplicação rodando na porta 3000[39m
2024-01-20 23:31:36:3136 - [32minfo[39m : [32mConectou ao banco de dados[39m
2024-01-20 23:31:36:3136 - [32minfo[39m : [32mAplicação rodando na porta 3000[39m
2024-01-20 23:31:41:3141 - [32minfo[39m : [32mConectou ao banco de dados[39m
2024-01-20 23:31:41:3141 - [32minfo[39m : [32mAplicação rodando na porta 3000[39m
2024-01-20 23:31:48:3148 - [35mhttp[39m : [35mPOST /api/movie 422 144 - 19.008 ms[39m
[35m[39m
2024-01-20 23:31:57:3157 - [35mhttp[39m : [35mPOST /api/movie 422 144 - 8.388 ms[39m
[35m[39m
2024-01-20 23:32:25:3225 - [35mhttp[39m : [35mPOST /api/movie 422 93 - 7.220 ms[39m
[35m[39m
2024-01-20 23:32:33:3233 - [35mhttp[39m : [35mPOST /api/movie 422 93 - 2.096 ms[39m
[35m[39m
2024-01-20 23:33:27:3327 - [35mhttp[39m : [35mPOST /api/movie 201 230 - 53.777 ms[39m
[35m[39m
2024-01-20 23:34:24:3424 - [32minfo[39m : [32mConectou ao banco de dados[39m
2024-01-20 23:34:24:3424 - [32minfo[39m : [32mAplicação rodando na porta 3000[39m
2024-01-20 23:34:26:3426 - [32minfo[39m : [32mConectou ao banco de dados[39m
2024-01-20 23:34:26:3426 - [32minfo[39m : [32mAplicação rodando na porta 3000[39m
2024-01-20 23:34:32:3432 - [32minfo[39m : [32mConectou ao banco de dados[39m
2024-01-20 23:34:32:3432 - [32minfo[39m : [32mAplicação rodando na porta 3000[39m
2024-01-20 23:34:35:3435 - [32minfo[39m : [32mConectou ao banco de dados[39m
2024-01-20 23:34:35:3435 - [32minfo[39m : [32mAplicação rodando na porta 3000[39m
2024-01-20 23:34:42:3442 - [32minfo[39m : [32mConectou ao banco de dados[39m
2024-01-20 23:34:42:3442 - [32minfo[39m : [32mAplicação rodando na porta 3000[39m
2024-01-20 23:34:51:3451 - [32minfo[39m : [32mConectou ao banco de dados[39m
2024-01-20 23:34:51:3451 - [32minfo[39m : [32mAplicação rodando na porta 3000[39m
2024-01-20 23:34:58:3458 - [32minfo[39m : [32mConectou ao banco de dados[39m
2024-01-20 23:34:58:3458 - [32minfo[39m : [32mAplicação rodando na porta 3000[39m
2024-01-20 23:39:25:3925 - [35mhttp[39m : [35mPOST /api/movie 201 499 - 87.854 ms[39m
[35m[39m
