2024-01-18 22:49:37:4937 - [31merror[39m : [31mNão foi possível conectar![39m
2024-01-18 22:49:37:4937 - [31merror[39m : [31mErro Error: querySrv ENOTFOUND _mongodb._tcp.cluster0.ukfexeh.gongodb.net[39m
2024-01-18 22:51:42:5142 - [31merror[39m : [31mNão foi possível conectar![39m
2024-01-18 22:51:46:5146 - [31merror[39m : [31mNão foi possível conectar![39m
2024-01-19 22:58:26:5826 - [31merror[39m : [31mNão foi possível conectar![39m
2024-01-21 00:00:41:041 - [31merror[39m : [31mErro no sistema: Cast to ObjectId failed for value "65ac83dd5e978caca9c5e08" (type string) at path "_id" for model "movie"[39m
2024-01-21 00:01:15:115 - [31merror[39m : [31mErro no sistema: Cast to ObjectId failed for value "65ac83dd5e978caca9c5e08" (type string) at path "_id" for model "movie"[39m
2024-01-21 00:01:31:131 - [31merror[39m : [31mErro no sistema: Cast to ObjectId failed for value "65ac83dd5e978caca9c5e08" (type string) at path "_id" for model "movie"[39m
2024-01-21 00:15:11:1511 - [31merror[39m : [31mErro no sistema: Cast to ObjectId failed for value "65ac760055f376b81e091dfc\n" (type string) at path "_id" for model "movie"[39m
2024-01-21 21:55:54:5554 - [31merror[39m : [31mErro no sistema: Cast to ObjectId failed for value "65ac760055f376b81e091dfc\n" (type string) at path "_id" for model "movie"[39m
2024-01-21 21:57:08:578 - [31merror[39m : [31mErro no sistema: Cast to ObjectId failed for value "65ac001205288f3d1233a73d\n" (type string) at path "_id" for model "movie"[39m
2024-01-21 21:59:15:5915 - [31merror[39m : [31mErro no sistema: Cast to ObjectId failed for value "65ac001205288f3d1233a73d\n" (type string) at path "_id" for model "movie"[39m
2024-01-21 22:00:30:030 - [31merror[39m : [31mErro no sistema: Cast to ObjectId failed for value "65ac001205288f3d1233a73d\n" (type string) at path "_id" for model "movie"[39m
2024-01-21 22:02:17:217 - [31merror[39m : [31mErro no sistema: Cast to ObjectId failed for value "65ac760055f376b81e091dfc\n" (type string) at path "_id" for model "movie"[39m
2024-01-21 22:02:40:240 - [31merror[39m : [31mErro no sistema: Cast to ObjectId failed for value "65ac001205288f3d1233a73d\n" (type string) at path "_id" for model "movie"[39m
2024-01-21 22:05:15:515 - [31merror[39m : [31mErro no sistema: Cast to ObjectId failed for value "65ac7f9872b0d879fda50dc2\n" (type string) at path "_id" for model "movie"[39m
2024-01-21 22:06:14:614 - [31merror[39m : [31mErro no sistema: Cast to ObjectId failed for value "65ac7f9872b0d879fda50dc2\n" (type string) at path "_id" for model "movie"[39m
2024-01-21 22:06:33:633 - [31merror[39m : [31mErro no sistema: Cast to ObjectId failed for value "65ac7f9872b0d879fda50dc2\n" (type string) at path "_id" for model "movie"[39m
2024-01-21 22:07:19:719 - [31merror[39m : [31mErro no sistema: Cast to ObjectId failed for value "65ac7f9872b0d879fda50dc2\n" (type string) at path "_id" for model "movie"[39m
2024-01-21 22:12:27:1227 - [31merror[39m : [31mErro no sistema: Cast to ObjectId failed for value "65adc0cf1b2a36d8923b264d\n" (type string) at path "_id" for model "movie"[39m
2024-01-21 22:16:40:1640 - [31merror[39m : [31mErro no sistema: Cast to ObjectId failed for value "65adc0cf1b2a36d8923b264d\n" (type string) at path "_id" for model "movie"[39m
2024-01-21 22:18:25:1825 - [31merror[39m : [31mErro no sistema: Cast to ObjectId failed for value "65adc0cf1b2a36d8923b264d;l \n" (type string) at path "_id" for model "movie"[39m
2024-01-21 22:18:34:1834 - [31merror[39m : [31mErro no sistema: Cast to ObjectId failed for value "65adc0cf1b2a36d8923b264d\n" (type string) at path "_id" for model "movie"[39m
2024-01-21 22:20:29:2029 - [31merror[39m : [31mErro no sistema: Cast to ObjectId failed for value "65adc0cf1b2a36d8923b264d\n" (type string) at path "_id" for model "movie"[39m
2024-01-21 22:20:31:2031 - [31merror[39m : [31mErro no sistema: Cast to ObjectId failed for value "65adc0cf1b2a36d8923b264d\n" (type string) at path "_id" for model "movie"[39m
2024-01-21 22:20:33:2033 - [31merror[39m : [31mErro no sistema: Cast to ObjectId failed for value "65adc0cf1b2a36d8923b264d\n" (type string) at path "_id" for model "movie"[39m
2024-01-21 22:20:40:2040 - [31merror[39m : [31mErro no sistema: Cast to ObjectId failed for value "65adc0cf1b2a36d8923b264d\n" (type string) at path "_id" for model "movie"[39m
2024-01-21 22:21:29:2129 - [31merror[39m : [31mErro no sistema: Cast to ObjectId failed for value "65adc30c1b2a36d8923b264e\n" (type string) at path "_id" for model "movie"[39m
2024-01-21 22:23:58:2358 - [31merror[39m : [31mErro no sistema: Cast to ObjectId failed for value "65adc30c1b2a36d8923b264e\n" (type string) at path "_id" for model "movie"[39m
2024-01-21 22:24:26:2426 - [31merror[39m : [31mErro no sistema: Cast to ObjectId failed for value "65adc30c1b2a36d8923b264e\n" (type string) at path "_id" for model "movie"[39m
2024-01-21 22:25:23:2523 - [31merror[39m : [31mErro no sistema: Cast to ObjectId failed for value "65ac001205288f3d1233a73d\n" (type string) at path "_id" for model "movie"[39m
2024-01-21 22:42:03:423 - [31merror[39m : [31mErro no sistema: input must be a 24 character hex string, 12 byte Uint8Array, or an integer[39m
2024-01-21 22:44:33:4433 - [31merror[39m : [31mErro no sistema: movie.delete is not a function[39m
2024-01-21 22:47:10:4710 - [31merror[39m : [31mErro no sistema: movie.deleteMany is not a function[39m
